r2019
r2020
  +file_prop: branches/full-calibration/README.txt svn:mime-type text/plain
r2021
  +empty_dir: branches/full-calibration/ground/src/libs/eigen/Eigen/src/Core/arch/AltiVec
  +empty_dir: branches/full-calibration/ground/src/libs/eigen/Eigen/src/Core/arch/SSE
  +empty_dir: branches/full-calibration/ground/src/libs/eigen/Eigen/src/Core/util
  +file_prop: branches/full-calibration/ground/src/libs/eigen/.hg_archival.txt svn:mime-type text/plain
  +file_prop: branches/full-calibration/ground/src/libs/eigen/Eigen/CMakeLists.txt svn:mime-type text/plain
  +file_prop: branches/full-calibration/ground/src/libs/eigen/Eigen/src/Array/BooleanRedux.h svn:mime-type text/plain
  +file_prop: branches/full-calibration/ground/src/libs/eigen/Eigen/src/Array/CMakeLists.txt svn:mime-type text/plain
  +file_prop: branches/full-calibration/ground/src/libs/eigen/Eigen/src/Array/CwiseOperators.h svn:mime-type text/plain
  +file_prop: branches/full-calibration/ground/src/libs/eigen/Eigen/src/Array/Functors.h svn:mime-type text/plain
  +file_prop: branches/full-calibration/ground/src/libs/eigen/Eigen/src/Array/Norms.h svn:mime-type text/plain
  +file_prop: branches/full-calibration/ground/src/libs/eigen/Eigen/src/Array/PartialRedux.h svn:mime-type text/plain
  +file_prop: branches/full-calibration/ground/src/libs/eigen/Eigen/src/Array/Random.h svn:mime-type text/plain
  +file_prop: branches/full-calibration/ground/src/libs/eigen/Eigen/src/Array/Select.h svn:mime-type text/plain
  +file_prop: branches/full-calibration/ground/src/libs/eigen/Eigen/src/Cholesky/CMakeLists.txt svn:mime-type text/plain
  +file_prop: branches/full-calibration/ground/src/libs/eigen/Eigen/src/Cholesky/CholeskyInstantiations.cpp svn:mime-type text/plain
  +file_prop: branches/full-calibration/ground/src/libs/eigen/Eigen/src/Cholesky/LDLT.h svn:mime-type text/plain
  +file_prop: branches/full-calibration/ground/src/libs/eigen/Eigen/src/Cholesky/LLT.h svn:mime-type text/plain
  +file_prop: branches/full-calibration/ground/src/libs/eigen/Eigen/src/Core/Assign.h svn:mime-type text/plain
  +file_prop: branches/full-calibration/ground/src/libs/eigen/Eigen/src/Core/Block.h svn:mime-type text/plain
  +file_prop: branches/full-calibration/ground/src/libs/eigen/Eigen/src/Core/CMakeLists.txt svn:mime-type text/plain
  +file_prop: branches/full-calibration/ground/src/libs/eigen/Eigen/src/Core/CacheFriendlyProduct.h svn:mime-type text/plain
  +file_prop: branches/full-calibration/ground/src/libs/eigen/Eigen/src/Core/Coeffs.h svn:mime-type text/plain
  +file_prop: branches/full-calibration/ground/src/libs/eigen/Eigen/src/Core/CommaInitializer.h svn:mime-type text/plain
  +file_prop: branches/full-calibration/ground/src/libs/eigen/Eigen/src/Core/CoreInstantiations.cpp svn:mime-type text/plain
  +file_prop: branches/full-calibration/ground/src/libs/eigen/Eigen/src/Core/Cwise.h svn:mime-type text/plain
  +file_prop: branches/full-calibration/ground/src/libs/eigen/Eigen/src/Core/CwiseBinaryOp.h svn:mime-type text/plain
  +file_prop: branches/full-calibration/ground/src/libs/eigen/Eigen/src/Core/CwiseNullaryOp.h svn:mime-type text/plain
  +file_prop: branches/full-calibration/ground/src/libs/eigen/Eigen/src/Core/CwiseUnaryOp.h svn:mime-type text/plain
  +file_prop: branches/full-calibration/ground/src/libs/eigen/Eigen/src/Core/DiagonalCoeffs.h svn:mime-type text/plain
  +file_prop: branches/full-calibration/ground/src/libs/eigen/Eigen/src/Core/DiagonalMatrix.h svn:mime-type text/plain
  +file_prop: branches/full-calibration/ground/src/libs/eigen/Eigen/src/Core/DiagonalProduct.h svn:mime-type text/plain
  +file_prop: branches/full-calibration/ground/src/libs/eigen/Eigen/src/Core/Dot.h svn:mime-type text/plain
  +file_prop: branches/full-calibration/ground/src/libs/eigen/Eigen/src/Core/Flagged.h svn:mime-type text/plain
  +file_prop: branches/full-calibration/ground/src/libs/eigen/Eigen/src/Core/Functors.h svn:mime-type text/plain
  +file_prop: branches/full-calibration/ground/src/libs/eigen/Eigen/src/Core/Fuzzy.h svn:mime-type text/plain
  +file_prop: branches/full-calibration/ground/src/libs/eigen/Eigen/src/Core/GenericPacketMath.h svn:mime-type text/plain
  +file_prop: branches/full-calibration/ground/src/libs/eigen/Eigen/src/Core/IO.h svn:mime-type text/plain
  +file_prop: branches/full-calibration/ground/src/libs/eigen/Eigen/src/Core/Map.h svn:mime-type text/plain
  +file_prop: branches/full-calibration/ground/src/libs/eigen/Eigen/src/Core/MapBase.h svn:mime-type text/plain
  +file_prop: branches/full-calibration/ground/src/libs/eigen/Eigen/src/Core/MathFunctions.h svn:mime-type text/plain
  +file_prop: branches/full-calibration/ground/src/libs/eigen/Eigen/src/Core/Matrix.h svn:mime-type text/plain
  +file_prop: branches/full-calibration/ground/src/libs/eigen/Eigen/src/Core/MatrixBase.h svn:mime-type text/plain
  +file_prop: branches/full-calibration/ground/src/libs/eigen/Eigen/src/Core/MatrixStorage.h svn:mime-type text/plain
  +file_prop: branches/full-calibration/ground/src/libs/eigen/Eigen/src/Core/Minor.h svn:mime-type text/plain
  +file_prop: branches/full-calibration/ground/src/libs/eigen/Eigen/src/Core/NestByValue.h svn:mime-type text/plain
  +file_prop: branches/full-calibration/ground/src/libs/eigen/Eigen/src/Core/NumTraits.h svn:mime-type text/plain
  +file_prop: branches/full-calibration/ground/src/libs/eigen/Eigen/src/Core/Part.h svn:mime-type text/plain
  +file_prop: branches/full-calibration/ground/src/libs/eigen/Eigen/src/Core/Product.h svn:mime-type text/plain
  +file_prop: branches/full-calibration/ground/src/libs/eigen/Eigen/src/Core/Redux.h svn:mime-type text/plain
  +file_prop: branches/full-calibration/ground/src/libs/eigen/Eigen/src/Core/SolveTriangular.h svn:mime-type text/plain
  +file_prop: branches/full-calibration/ground/src/libs/eigen/Eigen/src/Core/Sum.h svn:mime-type text/plain
  +file_prop: branches/full-calibration/ground/src/libs/eigen/Eigen/src/Core/Swap.h svn:mime-type text/plain
  +file_prop: branches/full-calibration/ground/src/libs/eigen/Eigen/src/Core/Transpose.h svn:mime-type text/plain
  +file_prop: branches/full-calibration/ground/src/libs/eigen/Eigen/src/Core/Visitor.h svn:mime-type text/plain
  +file_prop: branches/full-calibration/ground/src/libs/eigen/Eigen/src/Core/arch/CMakeLists.txt svn:mime-type text/plain
  +file_prop: branches/full-calibration/ground/src/libs/eigen/Eigen/src/Geometry/AlignedBox.h svn:mime-type text/plain
  +file_prop: branches/full-calibration/ground/src/libs/eigen/Eigen/src/Geometry/AngleAxis.h svn:mime-type text/plain
  +file_prop: branches/full-calibration/ground/src/libs/eigen/Eigen/src/Geometry/CMakeLists.txt svn:mime-type text/plain
  +file_prop: branches/full-calibration/ground/src/libs/eigen/Eigen/src/Geometry/EulerAngles.h svn:mime-type text/plain
  +file_prop: branches/full-calibration/ground/src/libs/eigen/Eigen/src/Geometry/Hyperplane.h svn:mime-type text/plain
  +file_prop: branches/full-calibration/ground/src/libs/eigen/Eigen/src/Geometry/OrthoMethods.h svn:mime-type text/plain
  +file_prop: branches/full-calibration/ground/src/libs/eigen/Eigen/src/Geometry/ParametrizedLine.h svn:mime-type text/plain
  +file_prop: branches/full-calibration/ground/src/libs/eigen/Eigen/src/Geometry/Quaternion.h svn:mime-type text/plain
  +file_prop: branches/full-calibration/ground/src/libs/eigen/Eigen/src/Geometry/Rotation2D.h svn:mime-type text/plain
  +file_prop: branches/full-calibration/ground/src/libs/eigen/Eigen/src/Geometry/RotationBase.h svn:mime-type text/plain
  +file_prop: branches/full-calibration/ground/src/libs/eigen/Eigen/src/Geometry/Scaling.h svn:mime-type text/plain
  +file_prop: branches/full-calibration/ground/src/libs/eigen/Eigen/src/Geometry/Transform.h svn:mime-type text/plain
  +file_prop: branches/full-calibration/ground/src/libs/eigen/Eigen/src/Geometry/Translation.h svn:mime-type text/plain
  +file_prop: branches/full-calibration/ground/src/libs/eigen/Eigen/src/LU/CMakeLists.txt svn:mime-type text/plain
  +file_prop: branches/full-calibration/ground/src/libs/eigen/Eigen/src/LU/Determinant.h svn:mime-type text/plain
  +file_prop: branches/full-calibration/ground/src/libs/eigen/Eigen/src/LU/Inverse.h svn:mime-type text/plain
  +file_prop: branches/full-calibration/ground/src/libs/eigen/Eigen/src/LU/LU.h svn:mime-type text/plain
  +file_prop: branches/full-calibration/ground/src/libs/eigen/Eigen/src/LeastSquares/CMakeLists.txt svn:mime-type text/plain
  +file_prop: branches/full-calibration/ground/src/libs/eigen/Eigen/src/LeastSquares/LeastSquares.h svn:mime-type text/plain
  +file_prop: branches/full-calibration/ground/src/libs/eigen/Eigen/src/QR/CMakeLists.txt svn:mime-type text/plain
  +file_prop: branches/full-calibration/ground/src/libs/eigen/Eigen/src/QR/EigenSolver.h svn:mime-type text/plain
  +file_prop: branches/full-calibration/ground/src/libs/eigen/Eigen/src/QR/HessenbergDecomposition.h svn:mime-type text/plain
  +file_prop: branches/full-calibration/ground/src/libs/eigen/Eigen/src/QR/QR.h svn:mime-type text/plain
  +file_prop: branches/full-calibration/ground/src/libs/eigen/Eigen/src/QR/QrInstantiations.cpp svn:mime-type text/plain
  +file_prop: branches/full-calibration/ground/src/libs/eigen/Eigen/src/QR/SelfAdjointEigenSolver.h svn:mime-type text/plain
  +file_prop: branches/full-calibration/ground/src/libs/eigen/Eigen/src/QR/Tridiagonalization.h svn:mime-type text/plain
  +file_prop: branches/full-calibration/ground/src/libs/eigen/Eigen/src/SVD/CMakeLists.txt svn:mime-type text/plain
  +file_prop: branches/full-calibration/ground/src/libs/eigen/Eigen/src/SVD/SVD.h svn:mime-type text/plain
  +file_prop: branches/full-calibration/ground/src/libs/eigen/Eigen/src/Sparse/AmbiVector.h svn:mime-type text/plain
  +file_prop: branches/full-calibration/ground/src/libs/eigen/Eigen/src/Sparse/CMakeLists.txt svn:mime-type text/plain
  +file_prop: branches/full-calibration/ground/src/libs/eigen/Eigen/src/Sparse/CholmodSupport.h svn:mime-type text/plain
  +file_prop: branches/full-calibration/ground/src/libs/eigen/Eigen/src/Sparse/CompressedStorage.h svn:mime-type text/plain
  +file_prop: branches/full-calibration/ground/src/libs/eigen/Eigen/src/Sparse/CoreIterators.h svn:mime-type text/plain
  +file_prop: branches/full-calibration/ground/src/libs/eigen/Eigen/src/Sparse/DynamicSparseMatrix.h svn:mime-type text/plain
  +file_prop: branches/full-calibration/ground/src/libs/eigen/Eigen/src/Sparse/MappedSparseMatrix.h svn:mime-type text/plain
  +file_prop: branches/full-calibration/ground/src/libs/eigen/Eigen/src/Sparse/RandomSetter.h svn:mime-type text/plain
  +file_prop: branches/full-calibration/ground/src/libs/eigen/Eigen/src/Sparse/SparseAssign.h svn:mime-type text/plain
  +file_prop: branches/full-calibration/ground/src/libs/eigen/Eigen/src/Sparse/SparseBlock.h svn:mime-type text/plain
  +file_prop: branches/full-calibration/ground/src/libs/eigen/Eigen/src/Sparse/SparseCwise.h svn:mime-type text/plain
  +file_prop: branches/full-calibration/ground/src/libs/eigen/Eigen/src/Sparse/SparseCwiseBinaryOp.h svn:mime-type text/plain
  +file_prop: branches/full-calibration/ground/src/libs/eigen/Eigen/src/Sparse/SparseCwiseUnaryOp.h svn:mime-type text/plain
  +file_prop: branches/full-calibration/ground/src/libs/eigen/Eigen/src/Sparse/SparseDiagonalProduct.h svn:mime-type text/plain
  +file_prop: branches/full-calibration/ground/src/libs/eigen/Eigen/src/Sparse/SparseDot.h svn:mime-type text/plain
  +file_prop: branches/full-calibration/ground/src/libs/eigen/Eigen/src/Sparse/SparseFlagged.h svn:mime-type text/plain
  +file_prop: branches/full-calibration/ground/src/libs/eigen/Eigen/src/Sparse/SparseFuzzy.h svn:mime-type text/plain
  +file_prop: branches/full-calibration/ground/src/libs/eigen/Eigen/src/Sparse/SparseLDLT.h svn:mime-type text/plain
  +file_prop: branches/full-calibration/ground/src/libs/eigen/Eigen/src/Sparse/SparseLLT.h svn:mime-type text/plain
  +file_prop: branches/full-calibration/ground/src/libs/eigen/Eigen/src/Sparse/SparseLU.h svn:mime-type text/plain
  +file_prop: branches/full-calibration/ground/src/libs/eigen/Eigen/src/Sparse/SparseMatrix.h svn:mime-type text/plain
  +file_prop: branches/full-calibration/ground/src/libs/eigen/Eigen/src/Sparse/SparseMatrixBase.h svn:mime-type text/plain
  +file_prop: branches/full-calibration/ground/src/libs/eigen/Eigen/src/Sparse/SparseProduct.h svn:mime-type text/plain
  +file_prop: branches/full-calibration/ground/src/libs/eigen/Eigen/src/Sparse/SparseRedux.h svn:mime-type text/plain
  +file_prop: branches/full-calibration/ground/src/libs/eigen/Eigen/src/Sparse/SparseTranspose.h svn:mime-type text/plain
  +file_prop: branches/full-calibration/ground/src/libs/eigen/Eigen/src/Sparse/SparseUtil.h svn:mime-type text/plain
  +file_prop: branches/full-calibration/ground/src/libs/eigen/Eigen/src/Sparse/SparseVector.h svn:mime-type text/plain
  +file_prop: branches/full-calibration/ground/src/libs/eigen/Eigen/src/Sparse/SuperLUSupport.h svn:mime-type text/plain
  +file_prop: branches/full-calibration/ground/src/libs/eigen/Eigen/src/Sparse/TaucsSupport.h svn:mime-type text/plain
  +file_prop: branches/full-calibration/ground/src/libs/eigen/Eigen/src/Sparse/TriangularSolver.h svn:mime-type text/plain
  +file_prop: branches/full-calibration/ground/src/libs/eigen/Eigen/src/Sparse/UmfPackSupport.h svn:mime-type text/plain
  +file_prop: branches/full-calibration/ground/src/libs/eigen/README.OpenpilotGCS.txt svn:mime-type text/plain
r2022
  +file_prop: branches/full-calibration/ground/src/libs/eigen/Eigen/src/CMakeLists.txt svn:mime-type text/plain
  +file_prop: branches/full-calibration/ground/src/libs/eigen/Eigen/src/Core/arch/AltiVec/CMakeLists.txt svn:mime-type text/plain
  +file_prop: branches/full-calibration/ground/src/libs/eigen/Eigen/src/Core/arch/AltiVec/PacketMath.h svn:mime-type text/plain
  +file_prop: branches/full-calibration/ground/src/libs/eigen/Eigen/src/Core/arch/SSE/CMakeLists.txt svn:mime-type text/plain
  +file_prop: branches/full-calibration/ground/src/libs/eigen/Eigen/src/Core/arch/SSE/PacketMath.h svn:mime-type text/plain
  +file_prop: branches/full-calibration/ground/src/libs/eigen/Eigen/src/Core/util/CMakeLists.txt svn:mime-type text/plain
  +file_prop: branches/full-calibration/ground/src/libs/eigen/Eigen/src/Core/util/Constants.h svn:mime-type text/plain
  +file_prop: branches/full-calibration/ground/src/libs/eigen/Eigen/src/Core/util/DisableMSVCWarnings.h svn:mime-type text/plain
  +file_prop: branches/full-calibration/ground/src/libs/eigen/Eigen/src/Core/util/EnableMSVCWarnings.h svn:mime-type text/plain
  +file_prop: branches/full-calibration/ground/src/libs/eigen/Eigen/src/Core/util/ForwardDeclarations.h svn:mime-type text/plain
  +file_prop: branches/full-calibration/ground/src/libs/eigen/Eigen/src/Core/util/Macros.h svn:mime-type text/plain
  +file_prop: branches/full-calibration/ground/src/libs/eigen/Eigen/src/Core/util/Memory.h svn:mime-type text/plain
  +file_prop: branches/full-calibration/ground/src/libs/eigen/Eigen/src/Core/util/Meta.h svn:mime-type text/plain
  +file_prop: branches/full-calibration/ground/src/libs/eigen/Eigen/src/Core/util/StaticAssert.h svn:mime-type text/plain
  +file_prop: branches/full-calibration/ground/src/libs/eigen/Eigen/src/Core/util/XprHelper.h svn:mime-type text/plain
r2023
r2024
  +file_prop: branches/full-calibration/ground/src/plugins/config/assertions.h svn:mime-type text/plain
  +file_prop: branches/full-calibration/ground/src/plugins/config/calibration.h svn:mime-type text/plain
  +file_prop: branches/full-calibration/ground/src/plugins/config/legacy-calibration.cpp svn:mime-type text/plain
  +file_prop: branches/full-calibration/ground/src/plugins/config/twostep.cpp svn:mime-type text/plain
r2058
  +file_prop: branches/full-calibration/ground/src/plugins/config/alignment-calibration.cpp svn:mime-type text/plain
  +file_prop: branches/full-calibration/ground/src/plugins/config/gyro-calibration.cpp svn:mime-type text/plain
r2059
r2071
r2072
r2076
r2148
r2149
